[17/12/2018 03:07:49] /m nidoqueen
[17/12/2018 03:08:30] /m rattata
[17/12/2018 03:08:35] /m pidgeot
[17/12/2018 03:20:27] /m shiny magmar
[17/12/2018 03:21:27] /m shiny magmar
[17/12/2018 03:22:07] /m shiny growlithe
[17/12/2018 03:25:25] /i aggronite
[17/12/2018 03:27:29] /m shiny magmar
[17/12/2018 03:27:57] /m red gyarados
[17/12/2018 03:28:02] /m shiny gyarados
[17/12/2018 03:28:03] /m shiny gyarados
[17/12/2018 03:28:04] /m shiny gyarados
[17/12/2018 03:28:23] /m shiny gyarados
[17/12/2018 03:28:24] /m shiny gyarados
[17/12/2018 03:28:25] /m shiny gyarados
[17/12/2018 03:31:02] /m wobbufett
[17/12/2018 03:31:10] /m wobbuffet
[17/12/2018 03:31:35] /m wobbuffet
[17/12/2018 03:31:35] /m wobbuffet
[17/12/2018 03:31:35] /m wobbuffet
[17/12/2018 03:31:36] /m wobbuffet
[17/12/2018 03:31:36] /m wobbuffet
[17/12/2018 03:31:36] /m wobbuffet
[17/12/2018 03:32:46] /m horsea
[17/12/2018 03:33:04] /m horsea
[17/12/2018 03:36:00] /i mew backpack
[17/12/2018 03:36:10] /i mewtwo backpack
[17/12/2018 03:38:35] /m red gyarados
[17/12/2018 03:38:49] /i pokeball
[17/12/2018 03:38:52] /i poke ball
[17/12/2018 03:46:08] /m mewtwo
