[02/06/2016 19:11:51] /goto venusaur
[02/06/2016 19:12:16] /n nurse
[02/06/2016 19:12:26] /r
[02/06/2016 19:12:28] /t
[02/06/2016 19:13:45] /m venusaur
[02/06/2016 19:13:46] /m venusaur
[02/06/2016 19:13:46] /m venusaur
[02/06/2016 19:13:46] /m venusaur
[02/06/2016 19:13:47] /m venusaur
[02/06/2016 19:13:47] /m venusaur
[02/06/2016 19:13:47] /m venusaur
[02/06/2016 19:13:47] /m venusaur
[02/06/2016 19:13:47] /m venusaur
[02/06/2016 19:13:48] /m venusaur
[02/06/2016 19:13:48] /m venusaur
[02/06/2016 19:13:48] /m venusaur
[02/06/2016 19:13:48] /m venusaur
[02/06/2016 19:13:49] /m venusaur
[02/06/2016 19:13:49] /m venusaur
[02/06/2016 19:14:48] /m venusaur
[02/06/2016 19:14:49] /m venusaur
[02/06/2016 19:14:49] /m venusaur
[02/06/2016 19:14:49] /m venusaur
[02/06/2016 19:14:49] /m venusaur
[02/06/2016 19:14:49] /m venusaur
[02/06/2016 19:14:49] /m venusaur
[02/06/2016 19:14:49] /m venusaur
[02/06/2016 19:14:49] /m venusaur
[02/06/2016 19:14:49] /m venusaur
[02/06/2016 19:14:49] /m venusaur
[02/06/2016 19:14:49] /m venusaur
[02/06/2016 19:14:49] /m venusaur
[02/06/2016 19:14:49] /m venusaur
[02/06/2016 19:14:49] /m venusaur
[02/06/2016 19:14:49] /m venusaur
[02/06/2016 19:14:49] /m venusaur
[02/06/2016 19:14:49] /m venusaur
[02/06/2016 19:14:49] /m venusaur
[02/06/2016 19:14:49] /m venusaur
[02/06/2016 19:14:49] /m venusaur
[02/06/2016 19:14:49] /m venusaur
[02/06/2016 19:14:49] /m venusaur
[02/06/2016 19:14:49] /m venusaur
[02/06/2016 19:14:50] /m venusaur
[02/06/2016 19:14:50] /m venusaur
[02/06/2016 19:14:50] /m venusaur
[02/06/2016 19:14:50] /m venusaur
[02/06/2016 19:14:50] /m venusaur
[02/06/2016 19:14:50] /m venusaur
[02/06/2016 19:14:50] /m venusaur
[02/06/2016 19:14:50] /m venusaur
[02/06/2016 19:14:50] /m venusaur
[02/06/2016 19:14:50] /m venusaur
[02/06/2016 19:14:50] /m venusaur
[02/06/2016 19:14:50] /m venusaur
[02/06/2016 19:14:50] /m venusaur
[02/06/2016 19:14:50] /m venusaur
[02/06/2016 19:14:50] /m venusaur
[02/06/2016 19:14:50] /m venusaur
[02/06/2016 19:14:50] /m venusaur
[02/06/2016 19:17:25] /m shiny onix
[02/06/2016 20:25:28] /i ultra ball
[02/06/2016 20:29:12] /t
[17/12/2018 00:12:39] /i vitaly
[17/12/2018 00:12:50] /i 15621
[17/12/2018 00:13:03] /i 15621
[17/12/2018 00:34:05] /i revive
[17/12/2018 00:35:38] /m mewtwo
[17/12/2018 00:36:38] /goto mewtwo
[17/12/2018 00:36:41] /goto shiny gengar
[17/12/2018 00:36:44] /goto charizard
[17/12/2018 00:37:27] /town 
[17/12/2018 00:37:30] /town 1
