[17/12/2018 00:50:59] /i 15586
[17/12/2018 00:52:13] /i revive
[17/12/2018 00:54:32] /goto venusaur
[17/12/2018 00:55:35] /down
[17/12/2018 00:55:37] /a 10
[17/12/2018 00:55:39] /a 1
[17/12/2018 00:55:41] /down
[17/12/2018 00:55:42] /a 2
[17/12/2018 00:56:10] /town 1
[17/12/2018 00:58:18] /i 15784
[17/12/2018 01:11:04] /a 6
[17/12/2018 01:11:38] /town 1
[17/12/2018 01:12:50] /goto mewtwo
[17/12/2018 01:13:31] /town 1
[17/12/2018 01:31:29] /goto shiny mr. mime
[17/12/2018 03:30:42] /i emeralds
[17/12/2018 03:30:47] /i emerald
[17/12/2018 03:32:42] /i diamond
[17/12/2018 03:33:51] /i 12325
[17/12/2018 03:33:54] /i 12324
[17/12/2018 03:33:59] /i 12323
[17/12/2018 03:34:01] /i 12322
[17/12/2018 03:34:12] /i 12326
[17/12/2018 03:34:13] /i 12327
[17/12/2018 03:34:14] /i 12328
[17/12/2018 03:34:15] /i 12329
[17/12/2018 03:34:32] /i bag box
[17/12/2018 03:44:48] /i 1
[17/12/2018 03:46:18] /i 14343
[17/12/2018 03:46:19] /i 14343
[17/12/2018 16:09:07] /i shiny blastoise
[17/12/2018 16:13:05] /i aggronite
