[17/12/2018 00:45:04] /goto ancient meganium
[17/12/2018 00:45:09] /goto meganium
[17/12/2018 00:45:14] /goto nurse joy
[17/12/2018 00:45:17] /goto nurse
[17/12/2018 00:45:20] /goto guima
[17/12/2018 00:46:03] /t
[17/12/2018 00:47:13] /i x-critical
[17/12/2018 00:47:24] /i x critical
[17/12/2018 00:47:35] /i X-Lucky (tier: 7)
[17/12/2018 00:48:01] /i x-attack (tier: 7)
[17/12/2018 00:49:37] /t
[17/12/2018 00:49:54] /i emeralds
[17/12/2018 00:49:57] /i emerald
[17/12/2018 00:50:07] /i emerald
[17/12/2018 00:50:26] /i sableyenite
[17/12/2018 00:50:29] /i sableyezite
[17/12/2018 00:50:31] /i sableyesite
[17/12/2018 00:50:46] /i swampertite
[17/12/2018 00:50:49] /i swamperite
[17/12/2018 00:54:45] /kick [GM] Guimapm
[17/12/2018 00:55:31] /goto pedro bhz
[17/12/2018 00:55:42] /goto [gm] pedro bhz
[17/12/2018 00:56:55] /t
[17/12/2018 00:59:40] /i master ball
[17/12/2018 00:59:52] /goto shiny magmar
[17/12/2018 00:59:57] /goto shiny electabuzz
[17/12/2018 01:00:04] /goto shiny raichu
[17/12/2018 01:00:08] /goto electabuzz
[17/12/2018 01:00:13] /goto magmar
[17/12/2018 01:00:19] /goto magmar
[17/12/2018 01:00:20] /goto magmar
[17/12/2018 01:00:21] /goto magmar
[17/12/2018 01:01:14] /goto [gm] guimapm
[17/12/2018 01:02:52] /i x-lucky (tier: 7)
[17/12/2018 01:06:18] /goto shiny arcanine
[17/12/2018 01:06:29] /goto shiny charizard
[17/12/2018 01:06:43] /i ultra ball
[17/12/2018 01:11:44] /goto guima
[17/12/2018 01:11:52] /goto [GM] Renanziiinz
[17/12/2018 01:17:10] /t
[17/12/2018 01:25:28] /i magu ball
[17/12/2018 01:25:36] /i sora ball
[17/12/2018 01:25:56] /i premier ball
[17/12/2018 01:34:58] /i 12401
[17/12/2018 01:37:20] /goto shiny typhlosion
[17/12/2018 01:39:06] /goto shiny typhlosion
[17/12/2018 01:39:19] /goto shiny gyarados
[17/12/2018 01:39:23] /goto red gyarados
[17/12/2018 01:39:35] /goto 
[17/12/2018 01:39:36] /t
[17/12/2018 01:56:15] /goto [gm] whylose
[17/12/2018 01:58:15] /t
[17/12/2018 01:58:22] /goto [GM] Renanziiinz
[17/12/2018 01:58:49] /t
[17/12/2018 02:02:41] /t
[17/12/2018 02:03:02] /i pidgeotile
[17/12/2018 02:04:02] /i absolite
[17/12/2018 02:04:26] /i aggronite
[17/12/2018 02:04:43] /i 15780
[17/12/2018 02:05:17] /goto 14214
[17/12/2018 02:06:27] /i 2149
[17/12/2018 02:33:59] /addskill Testess, lvl, 5
[17/12/2018 02:34:02] /addskill Testess, lvl, 5
[17/12/2018 02:34:05] /addskill Testess, lvl, 5
[17/12/2018 02:34:15] /m mewtwo
[17/12/2018 02:34:15] /m mewtwo
[17/12/2018 02:34:16] /m mewtwo
[17/12/2018 02:34:16] /m mewtwo
[17/12/2018 02:34:16] /m mewtwo
[17/12/2018 02:34:16] /m mewtwo
[17/12/2018 02:34:17] /m mewtwo
[17/12/2018 02:34:24] /r
[17/12/2018 02:34:38] /m shiny mewtwo
[17/12/2018 02:34:42] /m shiny arcanine
[17/12/2018 02:35:16] /addskill [GM] Rafilsck, lvl, 848
[17/12/2018 02:36:44] /m shiny mantine
[17/12/2018 02:36:54] /m shiny magmortar
[17/12/2018 02:37:30] /m moltres
[17/12/2018 02:37:31] /m moltres
[17/12/2018 02:40:21] /clean
[17/12/2018 02:40:33] /reports
[17/12/2018 02:40:40] /wp
[17/12/2018 02:40:45] /wp
[17/12/2018 02:40:54] /reports
[17/12/2018 02:40:57] /reports
[17/12/2018 02:40:58] /reports
[17/12/2018 02:41:00] /reports
[17/12/2018 02:41:06] /reports
[17/12/2018 02:42:08] /rename
[17/12/2018 02:42:14] /rename a
[17/12/2018 02:42:26] /rename [GM] Renanziiinz, Rafa
[17/12/2018 02:42:44] /r
[17/12/2018 02:42:47] /r
[17/12/2018 02:44:28] /rename Rafa, [GM] Renanziiinz
[17/12/2018 02:50:23] /rename [GM] Rafilsck, [Cholaa] Rafilsck
