[17/12/2018 01:00:19] /reload actions
[17/12/2018 01:01:11] /i 15792
[17/12/2018 01:02:12] /i 14896
[17/12/2018 01:02:23] /i 15792
[17/12/2018 01:04:26] /reload actions
[17/12/2018 01:11:15] /i 15786
[17/12/2018 01:14:05] /i 15785
[17/12/2018 01:26:11] /reload actions
[17/12/2018 01:30:20] /reload actions
[17/12/2018 01:34:37] /reload actions
[17/12/2018 01:37:31] /reload  monsters
[17/12/2018 01:38:05] /reload  monsters
[17/12/2018 01:48:10] /i emerald
[17/12/2018 01:50:17] /i emeralds
[17/12/2018 02:28:58] /t [GM] Rafilsck
[17/12/2018 02:29:22] /t fuuinfake
[17/12/2018 02:30:55] /t 2160
[17/12/2018 02:31:02] /i 2160
[17/12/2018 02:31:12] /i 2160
[17/12/2018 02:31:12] /i 2160
[17/12/2018 02:31:13] /i 2160
[17/12/2018 02:31:13] /i 2160
[17/12/2018 02:31:13] /i 2160
[17/12/2018 02:37:43] /r
[17/12/2018 02:37:44] /s
[17/12/2018 03:38:14] /m gyarados
[17/12/2018 03:38:36] /m shiny gyarados
[17/12/2018 03:42:45] /i scizorite
