[17/12/2018 00:53:42] /b wartortle
[17/12/2018 00:54:34] /r
[17/12/2018 00:55:21] /goto rafilsck
[17/12/2018 00:55:34] /i revive
[17/12/2018 00:55:55] /goto peedro bhz
[17/12/2018 00:56:26] /i medicine
[17/12/2018 00:59:47] /i master ball
[17/12/2018 01:00:07] /goto electabuzz
[17/12/2018 01:02:19] /goto arcanine
[17/12/2018 01:03:35] /t
[17/12/2018 01:04:45] /r
[17/12/2018 01:04:48] /r
[17/12/2018 01:04:51] /r
[17/12/2018 01:05:14] /b gastly
[17/12/2018 01:08:27] /i ultrabag
[17/12/2018 01:08:30] /i ultra bag
[17/12/2018 01:12:18] /i 15791
[17/12/2018 01:13:55] /i scizorite
[17/12/2018 01:18:51] /t
[17/12/2018 01:23:06] /t
[17/12/2018 01:23:36] /t
[17/12/2018 01:26:04] /t
[17/12/2018 01:27:02] /r
[17/12/2018 01:27:05] /r
[17/12/2018 01:30:53] /goto mr mime
[17/12/2018 01:30:57] /goto mrmime
[17/12/2018 01:31:06] /goto mr. mime
[17/12/2018 01:33:49] /t
[17/12/2018 16:18:43] /i aggronite
[17/12/2018 16:21:02] /i revive
[17/12/2018 16:21:10] /i ultimate potion
